<?xml version="1.0" encoding="UTF-8"?>
<!-- Generated by org.testng.reporters.JUnitReportReporter -->
<testsuite skipped="0" hostname="SHREE-LAPTOP" name="com.onlineshopping.testcases.Onlineshopping_TShirtsPageTest" tests="1" failures="0" timestamp="2020-03-29T23:47:18 IST" time="86.851" errors="0">
  <testcase name="BuyMobile" time="86.851" classname="com.onlineshopping.testcases.Onlineshopping_TShirtsPageTest"/>
</testsuite> <!-- com.onlineshopping.testcases.Onlineshopping_TShirtsPageTest -->
