<?xml version="1.0" encoding="UTF-8"?>
<!-- Generated by org.testng.reporters.JUnitReportReporter -->
<testsuite skipped="0" hostname="SHREE-LAPTOP" name="com.onlineshopping.testcases.Onlineshopping_LoginTest" tests="1" failures="0" timestamp="2020-03-31T00:08:08 IST" time="71.557" errors="0">
  <testcase name="login" time="71.557" classname="com.onlineshopping.testcases.Onlineshopping_LoginTest"/>
</testsuite> <!-- com.onlineshopping.testcases.Onlineshopping_LoginTest -->
