<?xml version="1.0" encoding="UTF-8"?>
<!-- Generated by org.testng.reporters.JUnitReportReporter -->
<testsuite skipped="0" hostname="SHREE-LAPTOP" name="com.onlineshopping.testcases.Onlineshopping_WomensPageTest" tests="1" failures="0" timestamp="2020-04-08T21:39:42 IST" time="78.112" errors="0">
  <testcase name="WomensCatergory" time="78.112" classname="com.onlineshopping.testcases.Onlineshopping_WomensPageTest"/>
</testsuite> <!-- com.onlineshopping.testcases.Onlineshopping_WomensPageTest -->
