<?xml version="1.0" encoding="UTF-8"?>
<!-- Generated by org.testng.reporters.JUnitReportReporter -->
<testsuite skipped="0" hostname="SHREE-LAPTOP" name="com.onlineshopping.testcases.Onlineshopping_WomensPageTest" tests="1" failures="0" timestamp="23 Apr 2020 06:07:57 GMT" time="99.174" errors="0">
  <testcase name="WomensCatergory" time="99.174" classname="com.onlineshopping.testcases.Onlineshopping_WomensPageTest"/>
</testsuite> <!-- com.onlineshopping.testcases.Onlineshopping_WomensPageTest -->
