<?xml version="1.0" encoding="UTF-8"?>
<!-- Generated by org.testng.reporters.JUnitReportReporter -->
<testsuite skipped="0" hostname="SHREE-LAPTOP" name="com.onlineshopping.testcases.Onlineshopping_LoginTest" tests="1" failures="0" timestamp="23 Apr 2020 06:07:57 GMT" time="89.525" errors="0">
  <testcase name="login" time="89.525" classname="com.onlineshopping.testcases.Onlineshopping_LoginTest"/>
</testsuite> <!-- com.onlineshopping.testcases.Onlineshopping_LoginTest -->
